C51 COMPILER V9.60.7.0   MAIN                                                              03/15/2024 16:36:13 PAGE 1   


C51 COMPILER V9.60.7.0, COMPILATION OF MODULE MAIN
OBJECT MODULE PLACED IN .\Objects\main.obj
COMPILER INVOKED BY: D:\Programing\Keil5\C51\BIN\C51.EXE main.c OPTIMIZE(8,SPEED) BROWSE DEBUG OBJECTEXTEND PRINT(.\List
                    -ings\main.lst) TABS(2) OBJECT(.\Objects\main.obj)

line level    source

   1          #include <REGX52.H>
   2          
   3          
   4          sbit LED = P2^0;
   5          
   6          void Delay(int x)
   7          {
   8   1        unsigned char j = x;
   9   1        while(j)j--;
  10   1      }
  11          
  12          void main()
  13          {
  14   1        unsigned char time,i;
  15   1        while(1)
  16   1        {
  17   2          for(time = 0; time < 100;time++)
  18   2          {
  19   3            for(i = 0; i < 20; i++)
  20   3            {
  21   4              LED = 0;
  22   4              Delay(time);
  23   4              LED = 1;
  24   4              Delay(100-time);
  25   4            }
  26   3          }
  27   2          for(time = 100; time > 0;time--)
  28   2          {
  29   3            for(i = 0; i < 20; i++)
  30   3            {
  31   4              LED = 0;
  32   4              Delay(time);
  33   4              LED = 1;
  34   4              Delay(100-time);
  35   4            }
  36   3          }
  37   2        }
  38   1      
  39   1      }


MODULE INFORMATION:   STATIC OVERLAYABLE
   CODE SIZE        =     63    ----
   CONSTANT SIZE    =   ----    ----
   XDATA SIZE       =   ----    ----
   PDATA SIZE       =   ----    ----
   DATA SIZE        =   ----    ----
   IDATA SIZE       =   ----    ----
   BIT SIZE         =   ----    ----
END OF MODULE INFORMATION.


C51 COMPILATION COMPLETE.  0 WARNING(S),  0 ERROR(S)
