C51 COMPILER V9.60.7.0   MAIN                                                              03/07/2024 15:54:04 PAGE 1   


C51 COMPILER V9.60.7.0, COMPILATION OF MODULE MAIN
OBJECT MODULE PLACED IN .\Objects\main.obj
COMPILER INVOKED BY: D:\Programing\Keil5\C51\BIN\C51.EXE main.c OPTIMIZE(8,SPEED) BROWSE DEBUG OBJECTEXTEND PRINT(.\List
                    -ings\main.lst) TABS(2) OBJECT(.\Objects\main.obj)

line level    source

   1          #include <REGX52.H>
   2          #include "Delay.h"
   3          #include "LCD1602.h"
   4          #include "MatrixKey.h"
   5          
   6          unsigned char KeyNum;
   7          unsigned int Password,cnt = 0;
   8          
   9          void main(){
  10   1        LCD_Init();
  11   1        LCD_ShowString(1,1,"Password");
  12   1        while(1){
  13   2          KeyNum = MatrixKey();
  14   2          if(KeyNum){
  15   3            if(KeyNum <= 10){
  16   4              if(cnt < 4){
  17   5                Password *= 10;//先左移一位
  18   5                Password += KeyNum%10;//获取一位密码
  19   5                //并添加到密码的末尾
  20   5                cnt++;}
  21   4              LCD_ShowNum(2,1,Password,4);
  22   4            }
  23   3            if(KeyNum == 11)//s11按键按下->确认
  24   3            {
  25   4              if(Password == 2345)
  26   4                LCD_ShowString(1,10,"Pass");
  27   4              else
  28   4                LCD_ShowString(1,10,"Error");
  29   4              Password = 0;
  30   4              cnt = 0;
  31   4              LCD_ShowNum(2,1,Password,4);
  32   4              Delay(1000);
  33   4              LCD_ShowString(1,10,"     ");
  34   4            }
  35   3            if(KeyNum == 12)//s11按键按下->退格
  36   3            {
  37   4              Password = 0;
  38   4              cnt = 0;
  39   4              LCD_ShowNum(2,1,Password,4);
  40   4            }
  41   3          }
  42   2        }
  43   1      }


MODULE INFORMATION:   STATIC OVERLAYABLE
   CODE SIZE        =    209    ----
   CONSTANT SIZE    =     26    ----
   XDATA SIZE       =   ----    ----
   PDATA SIZE       =   ----    ----
   DATA SIZE        =      5    ----
   IDATA SIZE       =   ----    ----
   BIT SIZE         =   ----    ----
END OF MODULE INFORMATION.

C51 COMPILER V9.60.7.0   MAIN                                                              03/07/2024 15:54:04 PAGE 2   


C51 COMPILATION COMPLETE.  0 WARNING(S),  0 ERROR(S)
