C51 COMPILER V9.60.7.0   MATRIXKEY                                                         03/06/2024 21:25:53 PAGE 1   


C51 COMPILER V9.60.7.0, COMPILATION OF MODULE MATRIXKEY
OBJECT MODULE PLACED IN .\Objects\MatrixKey.obj
COMPILER INVOKED BY: D:\Programing\Keil5\C51\BIN\C51.EXE MatrixKey.c OPTIMIZE(8,SPEED) BROWSE DEBUG OBJECTEXTEND PRINT(.
                    -\Listings\MatrixKey.lst) TABS(2) OBJECT(.\Objects\MatrixKey.obj)

line level    source

   1          #include <REGX52.H>
   2          #include "Delay.h"
   3          
   4          /**
   5            * @brief矩阵键盘读取按键键码
   6            * @param无
   7            * @retvalKeyNumber按下按键的键码值
   8            *如果按键按下不放，程序会停留在此函数，松手的一瞬间，
   9            *返回按键键码，没有按键按下时，返回0
  10            **/
  11          
  12          unsigned char MatrixKey(){
  13   1        
  14   1        unsigned char KeyNumber=0;
  15   1        
  16   1        P1 = 0xFF;
  17   1        P1_3 = 0;
  18   1        if(P1_7 == 0){Delay(20);while(P1_7 == 0);
  19   2          Delay(20);KeyNumber = 1;}
  20   1        if(P1_6 == 0){Delay(20);while(P1_6 == 0);
  21   2          Delay(20);KeyNumber = 5;}
  22   1        if(P1_5 == 0){Delay(20);while(P1_5 == 0);
  23   2          Delay(20);KeyNumber = 9;}
  24   1        if(P1_4 == 0){Delay(20);while(P1_4 == 0);
  25   2          Delay(20);KeyNumber = 13;}
  26   1        
  27   1        P1 = 0xFF;
  28   1        P1_2 = 0;
  29   1        if(P1_7 == 0){Delay(20);while(P1_7 == 0);
  30   2          Delay(20);KeyNumber = 2;}
  31   1        if(P1_6 == 0){Delay(20);while(P1_6 == 0);
  32   2          Delay(20);KeyNumber = 6;}
  33   1        if(P1_5 == 0){Delay(20);while(P1_5 == 0);
  34   2          Delay(20);KeyNumber = 10;}
  35   1        if(P1_4 == 0){Delay(20);while(P1_4 == 0);
  36   2          Delay(20);KeyNumber = 14;}
  37   1        
  38   1        P1 = 0xFF;
  39   1        P1_1 = 0;
  40   1        if(P1_7 == 0){Delay(20);while(P1_7 == 0);
  41   2          Delay(20);KeyNumber = 3;}
  42   1        if(P1_6 == 0){Delay(20);while(P1_6 == 0);
  43   2          Delay(20);KeyNumber = 7;}
  44   1        if(P1_5 == 0){Delay(20);while(P1_5 == 0);
  45   2          Delay(20);KeyNumber = 11;}
  46   1        if(P1_4 == 0){Delay(20);while(P1_4 == 0);
  47   2          Delay(20);KeyNumber = 15;}
  48   1        
  49   1        P1 = 0xFF;
  50   1        P1_0 = 0;
  51   1        if(P1_7 == 0){Delay(20);while(P1_7 == 0);
  52   2          Delay(20);KeyNumber = 4;}
  53   1        if(P1_6 == 0){Delay(20);while(P1_6 == 0);
  54   2          Delay(20);KeyNumber = 8;}
C51 COMPILER V9.60.7.0   MATRIXKEY                                                         03/06/2024 21:25:53 PAGE 2   

  55   1        if(P1_5 == 0){Delay(20);while(P1_5 == 0);
  56   2          Delay(20);KeyNumber = 12;}
  57   1        if(P1_4 == 0){Delay(20);while(P1_4 == 0);
  58   2          Delay(20);KeyNumber = 16;}
  59   1        
  60   1        return KeyNumber;
  61   1      }


MODULE INFORMATION:   STATIC OVERLAYABLE
   CODE SIZE        =    393    ----
   CONSTANT SIZE    =   ----    ----
   XDATA SIZE       =   ----    ----
   PDATA SIZE       =   ----    ----
   DATA SIZE        =   ----       1
   IDATA SIZE       =   ----    ----
   BIT SIZE         =   ----    ----
END OF MODULE INFORMATION.


C51 COMPILATION COMPLETE.  0 WARNING(S),  0 ERROR(S)
