C51 COMPILER V9.60.7.0   MAIN                                                              03/12/2024 22:30:25 PAGE 1   


C51 COMPILER V9.60.7.0, COMPILATION OF MODULE MAIN
OBJECT MODULE PLACED IN .\Objects\main.obj
COMPILER INVOKED BY: D:\Programing\Keil5\C51\BIN\C51.EXE main.c OPTIMIZE(8,SPEED) BROWSE DEBUG OBJECTEXTEND PRINT(.\List
                    -ings\main.lst) TABS(2) OBJECT(.\Objects\main.obj)

line level    source

   1          #include <REGX52.H>
   2          #include "Key.h"
   3          #include "Delay.h"
   4          #include "AT24C02.h"
   5          #include "Timer0.h"
   6          #include "DigitalTube.h"
   7          
   8          unsigned char Min,Sec,MinSec;
   9          unsigned char RunFlag;
  10          
  11          
  12          void main()
  13          {
  14   1        unsigned char KeyNum;
  15   1        Timer0_Init();
  16   1        
  17   1        while(1)
  18   1        {
  19   2          DigitalTube_SetBuf(1,Min/10);
  20   2          DigitalTube_SetBuf(2,Min%10);
  21   2          DigitalTube_SetBuf(3,11);//显示杠
  22   2          DigitalTube_SetBuf(4,Sec/10);
  23   2          DigitalTube_SetBuf(5,Sec%10);
  24   2          DigitalTube_SetBuf(6,11);
  25   2          DigitalTube_SetBuf(7,MinSec/10);
  26   2          DigitalTube_SetBuf(8,MinSec%10);
  27   2          KeyNum = Key();
  28   2          if(KeyNum == 1)
  29   2          {
  30   3            RunFlag = !RunFlag;
  31   3          }
  32   2          if(KeyNum == 2)
  33   2          {
  34   3            Min = 0;
  35   3            Sec = 0;
  36   3            MinSec = 0;
  37   3          }
  38   2          if(KeyNum == 3)
  39   2          {
  40   3            AT24C02_WriteByte(0,Min);
  41   3            Delay(5);
  42   3            AT24C02_WriteByte(1,Sec);
  43   3            Delay(5);
  44   3            AT24C02_WriteByte(2,MinSec);
  45   3            Delay(5);
  46   3          }
  47   2          if(KeyNum == 4)
  48   2          {
  49   3            Min = AT24C02_ReadByte(0);
  50   3            Sec = AT24C02_ReadByte(1);
  51   3            MinSec = AT24C02_ReadByte(2);
  52   3          }
  53   2        }
  54   1      }
C51 COMPILER V9.60.7.0   MAIN                                                              03/12/2024 22:30:25 PAGE 2   

  55          
  56          void Sec_Loop()
  57          {
  58   1        if(RunFlag)
  59   1        {
  60   2          MinSec++;
  61   2          if(MinSec >=100)
  62   2          {
  63   3            MinSec = 0;
  64   3            Sec++;
  65   3            if(Sec >= 60)
  66   3            {
  67   4              Sec = 0;
  68   4              Min++;
  69   4              if(Min >= 60)
  70   4                Min = 0;
  71   4            }
  72   3          }
  73   2        }
  74   1        
  75   1      }
  76          
  77          //中断函数
  78          void Timer0_Routine() interrupt 1
  79          {   
  80   1          static unsigned int T0Count1,T0Count2,T0Count3;
  81   1          TL0 = 0x66;
  82   1          TH0 = 0xFC;
  83   1          T0Count1++;
  84   1          if(T0Count1 >= 20)
  85   1          {
  86   2            T0Count1 = 0;
  87   2            KeyLoop();
  88   2          }
  89   1          T0Count2++;
  90   1          if(T0Count2 >= 2)//数码管扫描
  91   1          {
  92   2            T0Count2 = 0;
  93   2            DigitalTubeLoop();
  94   2          }
  95   1          T0Count3++;
  96   1          if(T0Count3 >= 10)
  97   1          {
  98   2            T0Count3 = 0;
  99   2            Sec_Loop();
 100   2          }
 101   1      }


MODULE INFORMATION:   STATIC OVERLAYABLE
   CODE SIZE        =    413    ----
   CONSTANT SIZE    =   ----    ----
   XDATA SIZE       =   ----    ----
   PDATA SIZE       =   ----    ----
   DATA SIZE        =     10       1
   IDATA SIZE       =   ----    ----
   BIT SIZE         =   ----    ----
END OF MODULE INFORMATION.


C51 COMPILATION COMPLETE.  0 WARNING(S),  0 ERROR(S)
