C51 COMPILER V9.60.7.0   MAIN                                                              03/18/2024 09:09:09 PAGE 1   


C51 COMPILER V9.60.7.0, COMPILATION OF MODULE MAIN
OBJECT MODULE PLACED IN .\Objects\main.obj
COMPILER INVOKED BY: D:\Programing\Keil5\C51\BIN\C51.EXE main.c OPTIMIZE(8,SPEED) BROWSE DEBUG OBJECTEXTEND PRINT(.\List
                    -ings\main.lst) TABS(2) OBJECT(.\Objects\main.obj)

line level    source

   1          #include <REGX52.H>
   2          #include "Delay.h"
   3          #include "LCD1602.h"
   4          #include "IR.h"
   5          
   6          char Num;
   7          unsigned int Address,Command;
   8          
   9          void main()
  10          {
  11   1        LCD_Init();
  12   1        LCD_ShowString(1,1,"Quennie");
  13   1        
  14   1        IR_Init();
  15   1        
  16   1        while(1)
  17   1        {
  18   2          LCD_ShowSignedNum(1,10,Num,3);
  19   2          if(IR_GetDataFlag() || IR_GetReSentFlag())
  20   2          {//IR_GetReSentFlag() 加入 实现连发功能
  21   3            Address = IR_GetAddress();
  22   3            Command = IR_GetCommand();
  23   3            LCD_ShowHexNum(2,1,Address,2);
  24   3            LCD_ShowHexNum(2,4,Command,2);
  25   3            if(Command == IR_VOL_MINUS)
  26   3              Num--;
  27   3            if(Command == IR_VOL_ADD)
  28   3              Num++;
  29   3          }
  30   2        }
  31   1      }
  32          


MODULE INFORMATION:   STATIC OVERLAYABLE
   CODE SIZE        =    110    ----
   CONSTANT SIZE    =      8    ----
   XDATA SIZE       =   ----    ----
   PDATA SIZE       =   ----    ----
   DATA SIZE        =      5    ----
   IDATA SIZE       =   ----    ----
   BIT SIZE         =   ----    ----
END OF MODULE INFORMATION.


C51 COMPILATION COMPLETE.  0 WARNING(S),  0 ERROR(S)
