C51 COMPILER V9.60.7.0   MAIN                                                              03/05/2024 22:12:26 PAGE 1   


C51 COMPILER V9.60.7.0, COMPILATION OF MODULE MAIN
OBJECT MODULE PLACED IN .\Objects\main.obj
COMPILER INVOKED BY: D:\Programing\Keil5\C51\BIN\C51.EXE main.c OPTIMIZE(8,SPEED) BROWSE DEBUG OBJECTEXTEND PRINT(.\List
                    -ings\main.lst) TABS(2) OBJECT(.\Objects\main.obj)

line level    source

   1          #include <REGX52.H>
   2          unsigned char NumCode[] = {
   3          0x3F,0x06,0x5B,0x4F,0x66,
   4          0x6D,0x7D,0x07,0x7F,0x6F,
   5          };
   6          #include <INTRINS.H>
   7          void Delayxms(unsigned int x) //@12.000MHz
   8          {
   9   1        unsigned char data i, j;
  10   1        
  11   1        while(x>0){
  12   2          i = 2;
  13   2          j = 239;
  14   2          do
  15   2          {
  16   3            while (--j);
  17   3          } while (--i);
  18   2          x--;
  19   2        }
  20   1      }
  21          void Display(unsigned char Location,int Number){
  22   1        switch(Location){
  23   2          case 1:P2_4=1;P2_3=1;P2_2=1;break;
  24   2          case 2:P2_4=1;P2_3=1;P2_2=0;break;
  25   2          case 3:P2_4=1;P2_3=0;P2_2=1;break;
  26   2          case 4:P2_4=1;P2_3=0;P2_2=0;break;
  27   2          case 5:P2_4=0;P2_3=1;P2_2=1;break;
  28   2          case 6:P2_4=0;P2_3=1;P2_2=0;break;
  29   2          case 7:P2_4=0;P2_3=0;P2_2=1;break;
  30   2          case 8:P2_4=0;P2_3=0;P2_2=0;break;
  31   2        }
  32   1        
  33   1        P0 = NumCode[Number];
  34   1        Delayxms(1);
  35   1        P0 = 0x00;
  36   1      }
  37          void main(){
  38   1        
  39   1        while(1){
  40   2          Display(1,1);
  41   2          Display(2,2);
  42   2          Display(3,3);
  43   2          Display(4,4);
  44   2          Display(5,5);
  45   2          Display(6,6);
  46   2          Display(7,7);
  47   2          Display(8,8);
  48   2        }
  49   1      }


MODULE INFORMATION:   STATIC OVERLAYABLE
   CODE SIZE        =    208    ----
   CONSTANT SIZE    =   ----    ----
C51 COMPILER V9.60.7.0   MAIN                                                              03/05/2024 22:12:26 PAGE 2   

   XDATA SIZE       =   ----    ----
   PDATA SIZE       =   ----    ----
   DATA SIZE        =     10    ----
   IDATA SIZE       =   ----    ----
   BIT SIZE         =   ----    ----
END OF MODULE INFORMATION.


C51 COMPILATION COMPLETE.  0 WARNING(S),  0 ERROR(S)
