C51 COMPILER V9.60.7.0   MAIN                                                              04/04/2024 13:29:13 PAGE 1   


C51 COMPILER V9.60.7.0, COMPILATION OF MODULE MAIN
OBJECT MODULE PLACED IN .\Objects\main.obj
COMPILER INVOKED BY: D:\Programing\Keil5\C51\BIN\C51.EXE main.c OPTIMIZE(8,SPEED) BROWSE DEBUG OBJECTEXTEND PRINT(.\List
                    -ings\main.lst) TABS(2) OBJECT(.\Objects\main.obj)

line level    source

   1          #include <REGX52.H>
   2          #include "LCD1602.h"
   3          #include "DS18B20.h"
   4          #include "Delay.h"
   5          float T;
   6          
   7          void main()
   8          {
   9   1        DS18B20_ConvertT();
  10   1        //P2_0 = 0;
  11   1        Delay(1000);//给设备一点时间让它完成转换
  12   1        //P2_0 = 1;
  13   1        LCD_Init();
  14   1        LCD_ShowString(1,1,"Temperature");
  15   1        while(1)
  16   1        {
  17   2          DS18B20_ConvertT();
  18   2          T = DS18B20_ReadT();
  19   2          if(T<0)
  20   2            LCD_ShowChar(2,1,'-');
  21   2          else if(T == 0)
  22   2            LCD_ShowChar(2,1,' ');
  23   2          else
  24   2            LCD_ShowChar(2,1,'+');
  25   2          LCD_ShowNum(2,2,T,2);
  26   2          LCD_ShowChar(2,4,'.');
  27   2          LCD_ShowNum(2,5,(unsigned long)(T*10)%10,1);
  28   2        }
  29   1        
  30   1      }


MODULE INFORMATION:   STATIC OVERLAYABLE
   CODE SIZE        =    170    ----
   CONSTANT SIZE    =     12    ----
   XDATA SIZE       =   ----    ----
   PDATA SIZE       =   ----    ----
   DATA SIZE        =      4    ----
   IDATA SIZE       =   ----    ----
   BIT SIZE         =   ----    ----
END OF MODULE INFORMATION.


C51 COMPILATION COMPLETE.  0 WARNING(S),  0 ERROR(S)
