C51 COMPILER V9.60.7.0   MAIN                                                              03/23/2024 21:04:07 PAGE 1   


C51 COMPILER V9.60.7.0, COMPILATION OF MODULE MAIN
OBJECT MODULE PLACED IN .\Objects\main.obj
COMPILER INVOKED BY: D:\Programing\Keil5\C51\BIN\C51.EXE main.c OPTIMIZE(8,SPEED) BROWSE DEBUG OBJECTEXTEND PRINT(.\List
                    -ings\main.lst) TABS(2) OBJECT(.\Objects\main.obj)

line level    source

   1          #include <REGX52.H>
   2          #include "LCD1602.h"
   3          #include "DS1302.h"
   4          #include "Key.h"
   5          #include "Timer0.h"
   6          #include "Delay.h"
   7          
   8          unsigned char KeyNum,MODE,TimeSetSelect,TimeSetFlash;
   9          char DS1302_TimeBoundry[]={99,12,31,23,59,59,7};
  10          unsigned char WeekDay[7][4] = 
  11            {"Mon","Tue","Wen","Tur","Fri","Sat","Sun"}; 
  12          //要判断小于0所以用了有符号的
  13          void TimeShow()
  14          {
  15   1          DS1302_ReadTime();
  16   1          LCD_ShowNum(1,1,DS1302_Time[0],2);
  17   1          LCD_ShowNum(1,4,DS1302_Time[1],2);
  18   1          LCD_ShowNum(1,7,DS1302_Time[2],2);
  19   1          LCD_ShowString(1,3,"-");
  20   1          LCD_ShowString(1,6,"-");
  21   1          LCD_ShowString(1,10,WeekDay[DS1302_Time[6]-1]);
  22   1          LCD_ShowNum(2,1,DS1302_Time[3],2);
  23   1          LCD_ShowNum(2,4,DS1302_Time[4],2);
  24   1          LCD_ShowNum(2,7,DS1302_Time[5],2);
  25   1          LCD_ShowString(2,3,":");
  26   1          LCD_ShowString(2,6,":");
  27   1      }
  28          
  29          void DateJudge()//判断每月应该有多少天
  30          {
  31   1        if(DS1302_Time[1]== 1||DS1302_Time[1]== 3 ||
  32   1           DS1302_Time[1]== 5||DS1302_Time[1]== 7 ||
  33   1           DS1302_Time[1]== 8||DS1302_Time[1]== 10||
  34   1           DS1302_Time[1]== 12)
  35   1          DS1302_TimeBoundry[2] = 31;
  36   1        else if(DS1302_Time[1] == 4 || DS1302_Time[1] == 6 ||
  37   1                DS1302_Time[1] == 9 || DS1302_Time[1] == 11)
  38   1                DS1302_TimeBoundry[2] = 30;
  39   1        else //二月
  40   1        {
  41   2          if(DS1302_Time[0] % 4 == 0)//闰年
  42   2            //四年一润，百年不润，四百年再润
  43   2            DS1302_TimeBoundry[2] = 29;
  44   2          else
  45   2            DS1302_TimeBoundry[2] = 28;
  46   2        }
  47   1      }
  48          void TimeSet()
  49          {
  50   1        if(KeyNum == 2)
  51   1        {
  52   2          TimeSetSelect++;
  53   2          TimeSetSelect %= 7;
  54   2          //LCD_ShowNum(2,10,TimeSetSelect,2);
C51 COMPILER V9.60.7.0   MAIN                                                              03/23/2024 21:04:07 PAGE 2   

  55   2        }
  56   1        if(KeyNum == 3)
  57   1        {
  58   2          DS1302_Time[TimeSetSelect]++;
  59   2          if(TimeSetSelect == 1 || TimeSetSelect == 2||TimeSetSelect == 6)
  60   2          {//月和日没有0
  61   3            DateJudge();
  62   3            if(DS1302_Time[TimeSetSelect] > DS1302_TimeBoundry[TimeSetSelect])
  63   3              DS1302_Time[TimeSetSelect] = 1;//月和日 星期 没有0
  64   3            if(TimeSetSelect == 1)//如果在调月
  65   3              {
  66   4                DateJudge();
  67   4                if(DS1302_Time[2] > DS1302_TimeBoundry[2])
  68   4                  //判断当前 日 在修改后的月里有没有超出边界
  69   4                  DS1302_Time[2] = DS1302_TimeBoundry[2];
  70   4              }
  71   3          }
  72   2          else
  73   2          {
  74   3            if(DS1302_Time[TimeSetSelect] > DS1302_TimeBoundry[TimeSetSelect])
  75   3              DS1302_Time[TimeSetSelect] = 0;
  76   3          }
  77   2        }
  78   1        if(KeyNum == 4)
  79   1        {
  80   2          DS1302_Time[TimeSetSelect]--;
  81   2          if(TimeSetSelect == 1 || TimeSetSelect == 2||TimeSetSelect == 6)
  82   2          {//月和日没有0
  83   3            DateJudge();
  84   3            if(DS1302_Time[TimeSetSelect] < 1)//月和日没有0
  85   3              DS1302_Time[TimeSetSelect] = DS1302_TimeBoundry[TimeSetSelect];
  86   3            if(TimeSetSelect == 1)//如果在调月
  87   3            {
  88   4              DateJudge();
  89   4              if(DS1302_Time[2] > DS1302_TimeBoundry[2])
  90   4                //判断当前 日 在修改后的月里有没有超出边界
  91   4                DS1302_Time[2] = DS1302_TimeBoundry[2];
  92   4            }
  93   3          }
  94   2          else
  95   2          {
  96   3            if(DS1302_Time[TimeSetSelect] < 0)//不懂哎 <0 不行
  97   3                DS1302_Time[TimeSetSelect] = DS1302_TimeBoundry[TimeSetSelect];
  98   3           }
  99   2        } 
 100   1        //显示所修改的时间并且让所调的位置进行闪烁
 101   1        if(TimeSetSelect == 0 && TimeSetFlash == 1)
 102   1          LCD_ShowString(1,1,"  ");//空字符应该在if里否则会只显示当前调的那一位
 103   1        else
 104   1          LCD_ShowNum(1,1,DS1302_Time[0],2);
 105   1        if(TimeSetSelect == 1 && TimeSetFlash == 1)
 106   1          LCD_ShowString(1,4,"  ");
 107   1        else
 108   1          LCD_ShowNum(1,4,DS1302_Time[1],2);
 109   1        if(TimeSetSelect == 2 && TimeSetFlash == 1)
 110   1          LCD_ShowString(1,7,"  ");
 111   1        else
 112   1          LCD_ShowNum(1,7,DS1302_Time[2],2);
 113   1        if(TimeSetSelect == 3 && TimeSetFlash == 1)
 114   1          LCD_ShowString(2,1,"  ");
 115   1        else
 116   1          LCD_ShowNum(2,1,DS1302_Time[3],2);  
C51 COMPILER V9.60.7.0   MAIN                                                              03/23/2024 21:04:07 PAGE 3   

 117   1        if(TimeSetSelect == 4 && TimeSetFlash == 1)
 118   1          LCD_ShowString(2,4,"  ");
 119   1        else
 120   1          LCD_ShowNum(2,4,DS1302_Time[4],2);
 121   1        if(TimeSetSelect == 5 && TimeSetFlash == 1)
 122   1          LCD_ShowString(2,7,"  ");
 123   1        else
 124   1          LCD_ShowNum(2,7,DS1302_Time[5],2);
 125   1        if(TimeSetSelect == 6 && TimeSetFlash == 1)
 126   1          LCD_ShowString(1,10,"   ");
 127   1        else
 128   1          {
 129   2            LCD_ShowString(1,10,WeekDay[DS1302_Time[6]-1]);
 130   2          }
 131   1          
 132   1      }
 133          void main(){
 134   1        
 135   1        
 136   1        Delay(2000);
 137   1        LCD_Init();
 138   1        DS1302_Init();
 139   1        Timer0_Init();
 140   1        DS1302_SetTime();
 141   1        while(1)
 142   1        {
 143   2          KeyNum = Key();
 144   2          if(KeyNum == 1)
 145   2          {
 146   3            if(MODE == 0) MODE = 1;
 147   3            else if(MODE == 1) 
 148   3            {
 149   4              DS1302_SetTime();
 150   4              //不建议DS1302_SetTime()写在TimeSet()里面
 151   4              //因为这样操作太过于频繁，没必要
 152   4              MODE = 0;
 153   4            }
 154   3          }
 155   2          switch(MODE)
 156   2          {
 157   3            case 0:TimeShow();break;
 158   3            case 1:TimeSet();break;
 159   3          }
 160   2        }
 161   1      }
 162          void Timer0_Routine() interrupt 1
 163          {   
 164   1          static unsigned int T0Count;
 165   1          TL0 = 0x66;
 166   1          TH0 = 0xFC;
 167   1          T0Count++;
 168   1          if(T0Count >= 500)
 169   1          {
 170   2            T0Count = 0;
 171   2            //P2_0 = ~P2_0;//按位取反
 172   2            TimeSetFlash = !TimeSetFlash;//逻辑取反
 173   2          }
 174   1      }


MODULE INFORMATION:   STATIC OVERLAYABLE
   CODE SIZE        =    936    ----
C51 COMPILER V9.60.7.0   MAIN                                                              03/23/2024 21:04:07 PAGE 4   

   CONSTANT SIZE    =     11    ----
   XDATA SIZE       =   ----    ----
   PDATA SIZE       =   ----    ----
   DATA SIZE        =     41    ----
   IDATA SIZE       =   ----    ----
   BIT SIZE         =   ----    ----
END OF MODULE INFORMATION.


C51 COMPILATION COMPLETE.  0 WARNING(S),  0 ERROR(S)
