C51 COMPILER V9.60.7.0   MAIN                                                              03/06/2024 11:41:08 PAGE 1   


C51 COMPILER V9.60.7.0, COMPILATION OF MODULE MAIN
OBJECT MODULE PLACED IN .\Objects\main.obj
COMPILER INVOKED BY: D:\Programing\Keil5\C51\BIN\C51.EXE main.c OPTIMIZE(8,SPEED) BROWSE DEBUG OBJECTEXTEND PRINT(.\List
                    -ings\main.lst) TABS(2) OBJECT(.\Objects\main.obj)

line level    source

   1          #include <REGX52.H>
   2          #include "Delay.h"
   3          #include "DigitalTube.h"
   4          void main(){
   5   1        while(1){
   6   2          Display(1,1);
   7   2          P2_0 = 1;
   8   2          
   9   2          Delayxms(200);
  10   2          
  11   2          Display(2,2);
  12   2          P2_0 = 0;
  13   2          
  14   2          Delayxms(200);
  15   2          
  16   2          Display(3,3);
  17   2          P2_0 = 1;
  18   2          
  19   2          Delayxms(200);
  20   2          
  21   2          Display(4,4);
  22   2          P2_0 = 0;
  23   2          
  24   2          Delayxms(200);
  25   2        }
  26   1      }


MODULE INFORMATION:   STATIC OVERLAYABLE
   CODE SIZE        =     74    ----
   CONSTANT SIZE    =   ----    ----
   XDATA SIZE       =   ----    ----
   PDATA SIZE       =   ----    ----
   DATA SIZE        =   ----    ----
   IDATA SIZE       =   ----    ----
   BIT SIZE         =   ----    ----
END OF MODULE INFORMATION.


C51 COMPILATION COMPLETE.  0 WARNING(S),  0 ERROR(S)
