C51 COMPILER V9.60.7.0   MAIN                                                              03/08/2024 10:53:49 PAGE 1   


C51 COMPILER V9.60.7.0, COMPILATION OF MODULE MAIN
OBJECT MODULE PLACED IN .\Objects\main.obj
COMPILER INVOKED BY: D:\Programing\Keil5\C51\BIN\C51.EXE main.c OPTIMIZE(8,SPEED) BROWSE DEBUG OBJECTEXTEND PRINT(.\List
                    -ings\main.lst) TABS(2) OBJECT(.\Objects\main.obj)

line level    source

   1          #include <REGX52.H>
   2          #include "Delay.h"
   3          #include "LCD1602.h"
   4          #include "Timer0.h"
   5          
   6          unsigned int Sec,Min=54,Hr=10;
   7          
   8          void main(){
   9   1        LCD_Init();
  10   1        Timer0_Init();
  11   1        LCD_ShowString(1,1,"Clock");
  12   1        while(1)
  13   1        {
  14   2          LCD_ShowNum(2,1,Hr,2);
  15   2          LCD_ShowString(2,3,":");
  16   2          LCD_ShowNum(2,4,Min,2);
  17   2          LCD_ShowString(2,6,":");
  18   2          LCD_ShowNum(2,7,Sec,2);
  19   2        }
  20   1      }
  21          
  22          void Timer0_Routine() interrupt 1
  23          {   
  24   1          static unsigned int T0Count;
  25   1          TL0 = 0x66; 
  26   1          TH0 = 0xFC; 
  27   1      
  28   1          T0Count++;
  29   1          if(T0Count >= 1000)
  30   1          {
  31   2            T0Count = 0;
  32   2            Sec++;
  33   2            if(Sec >= 60)
  34   2            {
  35   3              Sec = 0;
  36   3              Min++;
  37   3              if(Min >= 60)
  38   3              {
  39   4                Min = 0;
  40   4                Hr++;
  41   4                if(Hr >= 24)
  42   4                  Hr = 0;
  43   4              }
  44   3            }
  45   2          }
  46   1      }


MODULE INFORMATION:   STATIC OVERLAYABLE
   CODE SIZE        =    193    ----
   CONSTANT SIZE    =      8    ----
   XDATA SIZE       =   ----    ----
   PDATA SIZE       =   ----    ----
   DATA SIZE        =      8    ----
C51 COMPILER V9.60.7.0   MAIN                                                              03/08/2024 10:53:49 PAGE 2   

   IDATA SIZE       =   ----    ----
   BIT SIZE         =   ----    ----
END OF MODULE INFORMATION.


C51 COMPILATION COMPLETE.  0 WARNING(S),  0 ERROR(S)
