C51 COMPILER V9.60.7.0   MAIN                                                              03/18/2024 22:32:56 PAGE 1   


C51 COMPILER V9.60.7.0, COMPILATION OF MODULE MAIN
OBJECT MODULE PLACED IN .\Objects\main.obj
COMPILER INVOKED BY: D:\Programing\Keil5\C51\BIN\C51.EXE main.c OPTIMIZE(8,SPEED) BROWSE DEBUG OBJECTEXTEND PRINT(.\List
                    -ings\main.lst) TABS(2) OBJECT(.\Objects\main.obj)

line level    source

   1          #include <REGX52.H>
   2          #include "Delay.h"
   3          #include "DigitalTube.h"
   4          #include "Key.h"
   5          #include "Timer0.h"
   6          
   7          unsigned char Counter,Compare;
   8          unsigned char KeyNum,Speed=0;
   9          unsigned char i;
  10          
  11          sbit LED = P2^0;
  12          sbit DA = P2^1;
  13          
  14          void main()
  15          {
  16   1        Timer0_Init();
  17   1        DA = 0;
  18   1        while(1)
  19   1        {
  20   2          for(i = 0; i < 100; i++)
  21   2          {
  22   3            Compare = i;
  23   3            Delay(10);
  24   3          }
  25   2          for(i = 100; i > 0; i--)
  26   2            Compare = i;
  27   2          KeyNum = Key();
  28   2          if(KeyNum == 1)
  29   2          {
  30   3            Speed++;
  31   3            Speed %= 4;
  32   3          }
  33   2          Compare = (Speed + 1) * 5;
  34   2          DigitalTube_SetBuf(1,(Speed + 1));
  35   2        }
  36   1        
  37   1      }
  38          void Timer0_Routine() interrupt 1
  39          {   
  40   1          static unsigned int T0Count,T1Count;
  41   1          TL0 = 0xA4;       //设置定时初始值
  42   1          TH0 = 0xFF;       //设置定时初始值
  43   1          Counter++;
  44   1          Counter %= 20;
  45   1          if(Counter < Compare)
  46   1          {
  47   2            DA = 1;
  48   2            LED = 0;
  49   2          }
  50   1          else
  51   1          {
  52   2            DA = 0;
  53   2            LED = 1;
  54   2          }
C51 COMPILER V9.60.7.0   MAIN                                                              03/18/2024 22:32:56 PAGE 2   

  55   1          T0Count++;
  56   1          if(T0Count >200)
  57   1          {
  58   2            T0Count= 0;
  59   2            KeyLoop();
  60   2          }
  61   1          T1Count++;
  62   1          if(T1Count > 10)
  63   1          {
  64   2            T1Count= 0;
  65   2            DigitalTubeLoop();
  66   2          }
  67   1          
  68   1      }


MODULE INFORMATION:   STATIC OVERLAYABLE
   CODE SIZE        =    217    ----
   CONSTANT SIZE    =   ----    ----
   XDATA SIZE       =   ----    ----
   PDATA SIZE       =   ----    ----
   DATA SIZE        =      9    ----
   IDATA SIZE       =   ----    ----
   BIT SIZE         =   ----    ----
END OF MODULE INFORMATION.


C51 COMPILATION COMPLETE.  0 WARNING(S),  0 ERROR(S)
