C51 COMPILER V9.60.7.0   DS1302                                                            03/23/2024 20:30:44 PAGE 1   


C51 COMPILER V9.60.7.0, COMPILATION OF MODULE DS1302
OBJECT MODULE PLACED IN .\Objects\DS1302.obj
COMPILER INVOKED BY: D:\Programing\Keil5\C51\BIN\C51.EXE DS1302.c OPTIMIZE(8,SPEED) BROWSE DEBUG OBJECTEXTEND PRINT(.\Li
                    -stings\DS1302.lst) TABS(2) OBJECT(.\Objects\DS1302.obj)

line level    source

   1          #include <REGX52.H>
   2          
   3          sbit DS1302_SCLK = P3^6;
   4          sbit DS1302_IO = P3^4;
   5          sbit DS1302_CE = P3^5;
   6          
   7          #define DS1302_SEC 0x80
   8          #define DS1302_MIN 0x82
   9          #define DS1302_HR  0x84
  10          #define DS1302_DATE 0x86
  11          #define DS1302_MON 0x88
  12          #define DS1302_DAY 0x8A
  13          #define DS1302_YEAR 0x8C
  14          #define DS1302_WP 0x8E//写保护
  15          
  16          unsigned char DS1302_Time[] = {24,03,10,21,25,0,7};
  17          
  18          void DS1302_Init()
  19          {
  20   1        DS1302_CE = 0;
  21   1        DS1302_SCLK = 0;
  22   1      }
  23          
  24          void DS1302_WriteByte(unsigned char Command,Data)
  25          {
  26   1        unsigned char i;
  27   1        DS1302_CE = 1;
  28   1        for(i = 0; i < 8 ; i++)
  29   1        {
  30   2          DS1302_SCLK = 0;
  31   2          DS1302_IO = Command & (0x01<<i);
  32   2          DS1302_SCLK = 1;
  33   2          
  34   2          
  35   2        }
  36   1        for(i = 0; i < 8 ; i++)
  37   1        {
  38   2          DS1302_SCLK = 0;
  39   2          DS1302_IO = Data & (0x01<<i);
  40   2          DS1302_SCLK = 1;
  41   2          
  42   2        }
  43   1      }
  44          
  45          unsigned char DS1302_ReadByte(unsigned char Command)
  46          {
  47   1        unsigned char i, Data = 0x00;
  48   1        Command |= 0x01;//加这句时所用的指令和写入一样即可
  49   1        DS1302_CE = 1;
  50   1        for(i = 0; i < 8 ; i++)
  51   1        {
  52   2          DS1302_SCLK = 0;
  53   2          DS1302_IO = Command  & (0x01<<i);
  54   2          DS1302_SCLK = 1;
C51 COMPILER V9.60.7.0   DS1302                                                            03/23/2024 20:30:44 PAGE 2   

  55   2          
  56   2        }
  57   1        for(i = 0; i < 8 ; i++)
  58   1        {
  59   2          DS1302_SCLK=1;
  60   2          DS1302_SCLK=0;
  61   2          if(DS1302_IO)
  62   2            Data |= (0x01<<i);
  63   2        }
  64   1        DS1302_CE = 0;
  65   1        DS1302_IO = 0;
  66   1        return Data;
  67   1      }
  68          
  69          void DS1302_SetTime()
  70          {
  71   1        DS1302_WriteByte(DS1302_WP,0x00);
  72   1        DS1302_WriteByte(DS1302_YEAR,(DS1302_Time[0]/10*16+DS1302_Time[0]%10));
  73   1        DS1302_WriteByte(DS1302_MON,(DS1302_Time[1]/10*16+DS1302_Time[1]%10));
  74   1        DS1302_WriteByte(DS1302_DATE,(DS1302_Time[2]/10*16+DS1302_Time[2]%10));
  75   1        DS1302_WriteByte(DS1302_HR,(DS1302_Time[3]/10*16+DS1302_Time[3]%10));
  76   1        DS1302_WriteByte(DS1302_MIN,(DS1302_Time[4]/10*16+DS1302_Time[4]%10));
  77   1        DS1302_WriteByte(DS1302_SEC,(DS1302_Time[5]/10*16+DS1302_Time[5]%10));
  78   1        DS1302_WriteByte(DS1302_DAY,(DS1302_Time[6]/10*16+DS1302_Time[6]%10));
  79   1        DS1302_WriteByte(DS1302_WP,0x80);
  80   1      }
  81          void DS1302_ReadTime()
  82          {
  83   1        unsigned char temp;
  84   1        temp = DS1302_ReadByte(DS1302_YEAR);
  85   1        DS1302_Time[0] = temp/16*10+temp%16;
  86   1        temp = DS1302_ReadByte(DS1302_MON);
  87   1        DS1302_Time[1] = temp/16*10+temp%16;
  88   1        temp = DS1302_ReadByte(DS1302_DATE);
  89   1        DS1302_Time[2] = temp/16*10+temp%16;
  90   1        temp = DS1302_ReadByte(DS1302_HR);
  91   1        DS1302_Time[3] = temp/16*10+temp%16;
  92   1        temp = DS1302_ReadByte(DS1302_MIN);
  93   1        DS1302_Time[4] = temp/16*10+temp%16;
  94   1        temp = DS1302_ReadByte(DS1302_SEC);
  95   1        DS1302_Time[5] = temp/16*10+temp%16;
  96   1        temp = DS1302_ReadByte(DS1302_DAY);
  97   1        DS1302_Time[6] = temp/16*10+temp%16;
  98   1        
  99   1      }


MODULE INFORMATION:   STATIC OVERLAYABLE
   CODE SIZE        =    549    ----
   CONSTANT SIZE    =   ----    ----
   XDATA SIZE       =   ----    ----
   PDATA SIZE       =   ----    ----
   DATA SIZE        =      7       2
   IDATA SIZE       =   ----    ----
   BIT SIZE         =   ----    ----
END OF MODULE INFORMATION.


C51 COMPILATION COMPLETE.  0 WARNING(S),  0 ERROR(S)
