C51 COMPILER V9.60.7.0   MAIN                                                              03/05/2024 10:24:03 PAGE 1   


C51 COMPILER V9.60.7.0, COMPILATION OF MODULE MAIN
OBJECT MODULE PLACED IN .\Objects\main.obj
COMPILER INVOKED BY: D:\Programing\Keil5\C51\BIN\C51.EXE main.c OPTIMIZE(8,SPEED) BROWSE DEBUG OBJECTEXTEND PRINT(.\List
                    -ings\main.lst) TABS(2) OBJECT(.\Objects\main.obj)

line level    source

   1          #include <REGX52.H>
   2          #include <INTRINS.H>
   3          void Delay250ms(void) //@12.000MHz
   4          {
   5   1        unsigned char data i, j, k;
   6   1      
   7   1        _nop_();
   8   1        i = 2;
   9   1        j = 231;
  10   1        k = 91;
  11   1        do
  12   1        {
  13   2          do
  14   2          {
  15   3            while (--k);
  16   3          } while (--j);
  17   2        } while (--i);
  18   1      }
  19          void main(){
  20   1        while(1){
  21   2          P2 = 0x77;
  22   2          Delay250ms();
  23   2          P2 = 0xBB;
  24   2          Delay250ms();
  25   2          P2 = 0xDD;
  26   2          Delay250ms();
  27   2          P2 = 0xEE;
  28   2          Delay250ms();
  29   2        }
  30   1      }


MODULE INFORMATION:   STATIC OVERLAYABLE
   CODE SIZE        =     40    ----
   CONSTANT SIZE    =   ----    ----
   XDATA SIZE       =   ----    ----
   PDATA SIZE       =   ----    ----
   DATA SIZE        =   ----    ----
   IDATA SIZE       =   ----    ----
   BIT SIZE         =   ----    ----
END OF MODULE INFORMATION.


C51 COMPILATION COMPLETE.  0 WARNING(S),  0 ERROR(S)
