C51 COMPILER V9.60.7.0   MAIN                                                              03/12/2024 20:10:59 PAGE 1   


C51 COMPILER V9.60.7.0, COMPILATION OF MODULE MAIN
OBJECT MODULE PLACED IN .\Objects\main.obj
COMPILER INVOKED BY: D:\Programing\Keil5\C51\BIN\C51.EXE main.c OPTIMIZE(8,SPEED) BROWSE DEBUG OBJECTEXTEND PRINT(.\List
                    -ings\main.lst) TABS(2) OBJECT(.\Objects\main.obj)

line level    source

   1          #include <REGX52.H>
   2          #include "LCD1602.h"
   3          #include "Key.h"
   4          #include "Delay.h"
   5          #include "AT24C02.h"
   6          
   7          
   8          void main()
   9          {
  10   1        unsigned char KeyNum;
  11   1        unsigned int Num=0;
  12   1        LCD_Init();
  13   1        LCD_ShowString(1,1,"Hello");
  14   1      //  AT24C02_WriteByte(1,66);
  15   1      //  Delay(10);//要等一下才能读到刚写的数据
  16   1      //  //最低5ms
  17   1      //  Data = AT24C02_ReadByte(1);
  18   1        
  19   1        while(1)
  20   1        {
  21   2          LCD_ShowNum(1,1,Num,5);
  22   2          KeyNum = Key();
  23   2          if(KeyNum == 1)
  24   2          {
  25   3            Num++;
  26   3            LCD_ShowNum(1,1,Num,5);
  27   3          }
  28   2          if(KeyNum == 2)
  29   2          {
  30   3            Num--;
  31   3            LCD_ShowNum(1,1,Num,5);
  32   3          }
  33   2          if(KeyNum == 3)
  34   2          {
  35   3            AT24C02_WriteByte(0,Num%256);
  36   3            Delay(5);
  37   3            AT24C02_WriteByte(1,Num/256);
  38   3            Delay(5);
  39   3            LCD_ShowString(2,1,"Write Done");
  40   3            Delay(1000);
  41   3            LCD_ShowString(2,1,"          ");
  42   3          }
  43   2          if(KeyNum == 4)
  44   2          {
  45   3            Num = AT24C02_ReadByte(0);
  46   3            Num |= AT24C02_ReadByte(1)<<8;
  47   3            LCD_ShowString(2,1,"Read Done");
  48   3            Delay(500);
  49   3            LCD_ShowString(2,1,"         ");
  50   3            LCD_ShowNum(2,1,Num,5);
  51   3            Delay(1000);
  52   3            LCD_ShowString(2,1,"         ");
  53   3          }
  54   2        }
C51 COMPILER V9.60.7.0   MAIN                                                              03/12/2024 20:10:59 PAGE 2   

  55   1      }


MODULE INFORMATION:   STATIC OVERLAYABLE
   CODE SIZE        =    261    ----
   CONSTANT SIZE    =     48    ----
   XDATA SIZE       =   ----    ----
   PDATA SIZE       =   ----    ----
   DATA SIZE        =   ----       3
   IDATA SIZE       =   ----    ----
   BIT SIZE         =   ----    ----
END OF MODULE INFORMATION.


C51 COMPILATION COMPLETE.  0 WARNING(S),  0 ERROR(S)
