C51 COMPILER V9.60.7.0   UART                                                              03/08/2024 21:24:28 PAGE 1   


C51 COMPILER V9.60.7.0, COMPILATION OF MODULE UART
OBJECT MODULE PLACED IN .\Objects\UART.obj
COMPILER INVOKED BY: D:\Programing\Keil5\C51\BIN\C51.EXE UART.c OPTIMIZE(8,SPEED) BROWSE DEBUG OBJECTEXTEND PRINT(.\List
                    -ings\UART.lst) TABS(2) OBJECT(.\Objects\UART.obj)

line level    source

   1          #include <REGX52.H>
   2          
   3          /**
   4            * @brief  串口初始化 2400 @11.0592MHz
   5            * @param  无
   6            * @retval 无
   7            **/
   8          
   9          void UART_Init(){
  10   1        PCON &= 0x7F;   //波特率不倍速
  11   1        SCON = 0x50;    //工作方式1且 REN接受位置1
  12   1        TMOD = TMOD&0x0F;//高4位清零 配置定时器1
  13   1        TMOD = TMOD|0x20;//0010 0000
  14   1        TL1 = 0xF4;//设置定时初始值
  15   1        TH1 = 0xF4;//设置定时重载值
  16   1        ET1 = 0;
  17   1        TR1 = 1;//定时器1开始计时
  18   1        EA = 1;//启动所有中断
  19   1        ES = 1;//启动串口中断
  20   1      }
  21          
  22          /**
  23            * @brief  串口发送一个字节数据 2400 @11.0592MHz
  24            * @param  char Byte 待发送的数据
  25            * @retval 无
  26            **/
  27          
  28          void UART_SendByte(unsigned char Byte){
  29   1        SBUF=Byte;
  30   1        while(TI == 0);
  31   1        TI = 0;
  32   1      }


MODULE INFORMATION:   STATIC OVERLAYABLE
   CODE SIZE        =     35    ----
   CONSTANT SIZE    =   ----    ----
   XDATA SIZE       =   ----    ----
   PDATA SIZE       =   ----    ----
   DATA SIZE        =   ----    ----
   IDATA SIZE       =   ----    ----
   BIT SIZE         =   ----    ----
END OF MODULE INFORMATION.


C51 COMPILATION COMPLETE.  0 WARNING(S),  0 ERROR(S)
