C51 COMPILER V9.60.7.0   MAIN                                                              03/09/2024 17:52:07 PAGE 1   


C51 COMPILER V9.60.7.0, COMPILATION OF MODULE MAIN
OBJECT MODULE PLACED IN .\Objects\main.obj
COMPILER INVOKED BY: D:\Programing\Keil5\C51\BIN\C51.EXE main.c OPTIMIZE(8,SPEED) BROWSE DEBUG OBJECTEXTEND PRINT(.\List
                    -ings\main.lst) TABS(2) OBJECT(.\Objects\main.obj)

line level    source

   1          #include <REGX52.H>
   2          #include "Delay.h"
   3          #include "MatrixLED.h"
   4          
   5          unsigned char Animation[]={
   6          0x3C,0x42,0x81,0x81,0x85,0x42,0x3D,0x00,0x1E,0x01,0x01,0x01,0x1E,0x00,0x0E,0x15,
   7          0x15,0x15,0x0C,0x00,0x0E,0x15,0x15,0x15,0x0C,0x00,0x1F,0x08,0x10,0x10,0x0F,0x00,
   8          0x17,0x17,0x00,0x0E,0x15,0x15,0x15,0x0C
   9          };
  10          
  11          
  12          void main(){
  13   1        unsigned char i,offset=0,count=0;
  14   1        MatrixLED_Init();
  15   1        
  16   1        while(1)
  17   1        {
  18   2          for(i = 0; i < 8; i++)
  19   2          {
  20   3            MatrixLED_ShowColumn(i,Animation[(i+offset)%40]);
  21   3          }
  22   2          count++;
  23   2          if(count >= 10)
  24   2          {
  25   3            count=0;
  26   3            offset++;
  27   3            if(offset >= 39)
  28   3              offset = 0;
  29   3          }
  30   2        }
  31   1        
  32   1      }


MODULE INFORMATION:   STATIC OVERLAYABLE
   CODE SIZE        =     73    ----
   CONSTANT SIZE    =   ----    ----
   XDATA SIZE       =   ----    ----
   PDATA SIZE       =   ----    ----
   DATA SIZE        =     40       3
   IDATA SIZE       =   ----    ----
   BIT SIZE         =   ----    ----
END OF MODULE INFORMATION.


C51 COMPILATION COMPLETE.  0 WARNING(S),  0 ERROR(S)
