C51 COMPILER V9.60.7.0   MAIN                                                              03/05/2024 16:56:29 PAGE 1   


C51 COMPILER V9.60.7.0, COMPILATION OF MODULE MAIN
OBJECT MODULE PLACED IN .\Objects\main.obj
COMPILER INVOKED BY: D:\Programing\Keil5\C51\BIN\C51.EXE main.c OPTIMIZE(8,SPEED) BROWSE DEBUG OBJECTEXTEND PRINT(.\List
                    -ings\main.lst) TABS(2) OBJECT(.\Objects\main.obj)

line level    source

   1          #include <REGX52.H>
   2          void Delayxms(unsigned int x) //@12.000MHz
   3          {
   4   1        unsigned char data i, j;
   5   1        
   6   1        while(x>0){
   7   2          i = 2;
   8   2          j = 239;
   9   2          do
  10   2          {
  11   3            while (--j);
  12   3          } while (--i);
  13   2          x--;
  14   2        }
  15   1      }
  16          void main(){
  17   1        unsigned char LEDNum = 0;
  18   1        while(1){
  19   2          if(P3_1 == 0){
  20   3            Delayxms(20);
  21   3            while(P3_1 == 0);
  22   3            Delayxms(20);
  23   3            
  24   3            LEDNum++;
  25   3            P2 = ~LEDNum;
  26   3          }
  27   2        }
  28   1      }


MODULE INFORMATION:   STATIC OVERLAYABLE
   CODE SIZE        =     54    ----
   CONSTANT SIZE    =   ----    ----
   XDATA SIZE       =   ----    ----
   PDATA SIZE       =   ----    ----
   DATA SIZE        =   ----    ----
   IDATA SIZE       =   ----    ----
   BIT SIZE         =   ----    ----
END OF MODULE INFORMATION.


C51 COMPILATION COMPLETE.  0 WARNING(S),  0 ERROR(S)
