C51 COMPILER V9.60.7.0   MAIN                                                              03/20/2024 15:45:42 PAGE 1   


C51 COMPILER V9.60.7.0, COMPILATION OF MODULE MAIN
OBJECT MODULE PLACED IN .\Objects\main.obj
COMPILER INVOKED BY: D:\Programing\Keil5\C51\BIN\C51.EXE main.c OPTIMIZE(8,SPEED) BROWSE DEBUG OBJECTEXTEND PRINT(.\List
                    -ings\main.lst) TABS(2) OBJECT(.\Objects\main.obj)

line level    source

   1          #include <REGX52.H>
   2          #include "LCD1602.h"
   3          #include "Delay.h"
   4          
   5          #define Right 1
   6          #define Left  0
   7          
   8          void main()
   9          { 
  10   1        LCD_Init();
  11   1        LCD_ShowChar(1,1,'A');
  12   1        LCD_ShowString(1,2,"Hello");
  13   1        LCD_ShowNum(2,1,66,2);
  14   1        LCD_ShowSignedNum(2,3,-66,2);
  15   1        LCD_ShowHexNum(2,6,0xA5,2);
  16   1        LCD_ShowBinNum(1,7,0xA5,8);
  17   1        LCD_ShowChar(2,8,0xDF);
  18   1        while(1)
  19   1        {
  20   2      
  21   2        }
  22   1      }


MODULE INFORMATION:   STATIC OVERLAYABLE
   CODE SIZE        =     88    ----
   CONSTANT SIZE    =      6    ----
   XDATA SIZE       =   ----    ----
   PDATA SIZE       =   ----    ----
   DATA SIZE        =   ----    ----
   IDATA SIZE       =   ----    ----
   BIT SIZE         =   ----    ----
END OF MODULE INFORMATION.


C51 COMPILATION COMPLETE.  0 WARNING(S),  0 ERROR(S)
