C51 COMPILER V9.60.7.0   MATRIXKEY                                                         03/06/2024 20:41:15 PAGE 1   


C51 COMPILER V9.60.7.0, COMPILATION OF MODULE MATRIXKEY
OBJECT MODULE PLACED IN .\Objects\MatrixKey.obj
COMPILER INVOKED BY: D:\Programing\Keil5\C51\BIN\C51.EXE MatrixKey.c OPTIMIZE(8,SPEED) BROWSE DEBUG OBJECTEXTEND PRINT(.
                    -\Listings\MatrixKey.lst) TABS(2) OBJECT(.\Objects\MatrixKey.obj)

line level    source

   1          #include <REGX52.H>
   2          #include "Delay.h"
   3          
   4          
   5          unsigned char MatrixKey(){
   6   1        
   7   1        unsigned char KeyNumber=0;
   8   1        
   9   1        P1 = 0xFF;
  10   1        P1_3 = 0;
  11   1        if(P1_7 == 0){Delay(20);while(P1_7 == 0);
  12   2          Delay(20);KeyNumber = 1;}
  13   1        if(P1_6 == 0){Delay(20);while(P1_6 == 0);
  14   2          Delay(20);KeyNumber = 5;}
  15   1        if(P1_5 == 0){Delay(20);while(P1_5 == 0);
  16   2          Delay(20);KeyNumber = 9;}
  17   1        if(P1_4 == 0){Delay(20);while(P1_4 == 0);
  18   2          Delay(20);KeyNumber = 13;}
  19   1        
  20   1        P1 = 0xFF;
  21   1        P1_2 = 0;
  22   1        if(P1_7 == 0){Delay(20);while(P1_7 == 0);
  23   2          Delay(20);KeyNumber = 2;}
  24   1        if(P1_6 == 0){Delay(20);while(P1_6 == 0);
  25   2          Delay(20);KeyNumber = 6;}
  26   1        if(P1_5 == 0){Delay(20);while(P1_5 == 0);
  27   2          Delay(20);KeyNumber = 10;}
  28   1        if(P1_4 == 0){Delay(20);while(P1_4 == 0);
  29   2          Delay(20);KeyNumber = 14;}
  30   1        
  31   1        P1 = 0xFF;
  32   1        P1_1 = 0;
  33   1        if(P1_7 == 0){Delay(20);while(P1_7 == 0);
  34   2          Delay(20);KeyNumber = 3;}
  35   1        if(P1_6 == 0){Delay(20);while(P1_6 == 0);
  36   2          Delay(20);KeyNumber = 7;}
  37   1        if(P1_5 == 0){Delay(20);while(P1_5 == 0);
  38   2          Delay(20);KeyNumber = 11;}
  39   1        if(P1_4 == 0){Delay(20);while(P1_4 == 0);
  40   2          Delay(20);KeyNumber = 15;}
  41   1        
  42   1        P1 = 0xFF;
  43   1        P1_0 = 0;
  44   1        if(P1_7 == 0){Delay(20);while(P1_7 == 0);
  45   2          Delay(20);KeyNumber = 4;}
  46   1        if(P1_6 == 0){Delay(20);while(P1_6 == 0);
  47   2          Delay(20);KeyNumber = 8;}
  48   1        if(P1_5 == 0){Delay(20);while(P1_5 == 0);
  49   2          Delay(20);KeyNumber = 12;}
  50   1        if(P1_4 == 0){Delay(20);while(P1_4 == 0);
  51   2          Delay(20);KeyNumber = 16;}
  52   1        
  53   1        return KeyNumber;
  54   1      }
C51 COMPILER V9.60.7.0   MATRIXKEY                                                         03/06/2024 20:41:15 PAGE 2   



MODULE INFORMATION:   STATIC OVERLAYABLE
   CODE SIZE        =    393    ----
   CONSTANT SIZE    =   ----    ----
   XDATA SIZE       =   ----    ----
   PDATA SIZE       =   ----    ----
   DATA SIZE        =   ----       1
   IDATA SIZE       =   ----    ----
   BIT SIZE         =   ----    ----
END OF MODULE INFORMATION.


C51 COMPILATION COMPLETE.  0 WARNING(S),  0 ERROR(S)
