C51 COMPILER V9.60.7.0   BUZZER                                                            03/11/2024 21:19:28 PAGE 1   


C51 COMPILER V9.60.7.0, COMPILATION OF MODULE BUZZER
OBJECT MODULE PLACED IN .\Objects\Buzzer.obj
COMPILER INVOKED BY: D:\Programing\Keil5\C51\BIN\C51.EXE Buzzer.c OPTIMIZE(8,SPEED) BROWSE DEBUG OBJECTEXTEND PRINT(.\Li
                    -stings\Buzzer.lst) TABS(2) OBJECT(.\Objects\Buzzer.obj)

line level    source

   1          #include <REGX52.H>
   2          #include <INTRINS.H>
   3          
   4          sbit Buzzer = P2^5;//新版地址 旧版地址在P1^5
   5          
   6          void BuzzerDelay500us(void) //@11.0592MHz
   7          {
   8   1        unsigned char data i;
   9   1      
  10   1        _nop_();
  11   1        i = 227;
  12   1        while (--i);
  13   1      }
  14          
  15          
  16          void BuzzerSound(unsigned int ms)//@12.000MHz
  17          {
  18   1        unsigned int i;
  19   1        for(i = 0; i < ms*2; i++)
  20   1        {
  21   2          Buzzer = !Buzzer;
  22   2          BuzzerDelay500us();
  23   2        }
  24   1        
  25   1      }
  26          


MODULE INFORMATION:   STATIC OVERLAYABLE
   CODE SIZE        =     40    ----
   CONSTANT SIZE    =   ----    ----
   XDATA SIZE       =   ----    ----
   PDATA SIZE       =   ----    ----
   DATA SIZE        =   ----    ----
   IDATA SIZE       =   ----    ----
   BIT SIZE         =   ----    ----
END OF MODULE INFORMATION.


C51 COMPILATION COMPLETE.  0 WARNING(S),  0 ERROR(S)
