C51 COMPILER V9.60.7.0   MAIN                                                              03/15/2024 21:59:59 PAGE 1   


C51 COMPILER V9.60.7.0, COMPILATION OF MODULE MAIN
OBJECT MODULE PLACED IN .\Objects\main.obj
COMPILER INVOKED BY: D:\Programing\Keil5\C51\BIN\C51.EXE main.c OPTIMIZE(8,SPEED) BROWSE DEBUG OBJECTEXTEND PRINT(.\List
                    -ings\main.lst) TABS(2) OBJECT(.\Objects\main.obj)

line level    source

   1          #include <REGX52.H>
   2          #include "Delay.h"
   3          #include "DigitalTube.h"
   4          #include "Key.h"
   5          #include "Timer0.h"
   6          
   7          unsigned char Counter,Compare;
   8          unsigned char KeyNum,Speed=0;
   9          
  10          sbit LED = P2^0;
  11          sbit M = P1^0;
  12          
  13          void main()
  14          {
  15   1        Timer0_Init();
  16   1        M = 0;
  17   1        while(1)
  18   1        {
  19   2          KeyNum = Key();
  20   2          if(KeyNum == 1)
  21   2          {
  22   3            Speed++;
  23   3            Speed %= 4;
  24   3          }
  25   2          Compare = (Speed + 1) * 5;
  26   2          DigitalTube_SetBuf(1,(Speed + 1));
  27   2        }
  28   1        
  29   1      }
  30          void Timer0_Routine() interrupt 1
  31          {   
  32   1          static unsigned int T0Count,T1Count;
  33   1          TL0 = 0xA4;       //设置定时初始值
  34   1          TH0 = 0xFF;       //设置定时初始值
  35   1          Counter++;
  36   1          Counter %= 20;
  37   1          if(Counter < Compare)
  38   1          {
  39   2            M = 1;
  40   2            LED = 0;
  41   2          }
  42   1          else
  43   1          {
  44   2            M = 0;
  45   2            LED = 1;
  46   2          }
  47   1          T0Count++;
  48   1          if(T0Count >200)
  49   1          {
  50   2            T0Count= 0;
  51   2            KeyLoop();
  52   2          }
  53   1          T1Count++;
  54   1          if(T1Count > 10)
C51 COMPILER V9.60.7.0   MAIN                                                              03/15/2024 21:59:59 PAGE 2   

  55   1          {
  56   2            T1Count= 0;
  57   2            DigitalTubeLoop();
  58   2          }
  59   1          
  60   1      }


MODULE INFORMATION:   STATIC OVERLAYABLE
   CODE SIZE        =    186    ----
   CONSTANT SIZE    =   ----    ----
   XDATA SIZE       =   ----    ----
   PDATA SIZE       =   ----    ----
   DATA SIZE        =      8    ----
   IDATA SIZE       =   ----    ----
   BIT SIZE         =   ----    ----
END OF MODULE INFORMATION.


C51 COMPILATION COMPLETE.  0 WARNING(S),  0 ERROR(S)
