C51 COMPILER V9.60.7.0   MAIN                                                              03/05/2024 17:38:21 PAGE 1   


C51 COMPILER V9.60.7.0, COMPILATION OF MODULE MAIN
OBJECT MODULE PLACED IN .\Objects\main.obj
COMPILER INVOKED BY: D:\Programing\Keil5\C51\BIN\C51.EXE main.c OPTIMIZE(8,SPEED) BROWSE DEBUG OBJECTEXTEND PRINT(.\List
                    -ings\main.lst) TABS(2) OBJECT(.\Objects\main.obj)

line level    source

   1          #include <REGX52.H>
   2          void Delayxms(unsigned int x) //@12.000MHz
   3          {
   4   1        unsigned char data i, j;
   5   1        
   6   1        while(x>0){
   7   2          i = 2;
   8   2          j = 239;
   9   2          do
  10   2          {
  11   3            while (--j);
  12   3          } while (--i);
  13   2          x--;
  14   2        }
  15   1      }
  16          void main(){
  17   1        unsigned char LEDNum = 0;
  18   1        P2 = ~(0x55);
  19   1        while(1){
  20   2          if(P3_1 == 0){
  21   3            Delayxms(20);
  22   3            while(P3_1 == 0);
  23   3            Delayxms(20);
  24   3            
  25   3            LEDNum++;
  26   3            if(LEDNum >= 4)
  27   3              LEDNum = 0;
  28   3            P2 = ~(0x55<<LEDNum);
  29   3          }
  30   2          if(P3_0 == 0){
  31   3            Delayxms(20);
  32   3            while(P3_0 == 0);
  33   3            Delayxms(20);
  34   3            
  35   3            LEDNum--;
  36   3            if(LEDNum < 0)
  37   3              LEDNum = 3;
  38   3            P2 = ~(0x55<<LEDNum);
  39   3          }
  40   2        }
  41   1      }


MODULE INFORMATION:   STATIC OVERLAYABLE
   CODE SIZE        =    106    ----
   CONSTANT SIZE    =   ----    ----
   XDATA SIZE       =   ----    ----
   PDATA SIZE       =   ----    ----
   DATA SIZE        =   ----    ----
   IDATA SIZE       =   ----    ----
   BIT SIZE         =   ----    ----
END OF MODULE INFORMATION.


C51 COMPILATION COMPLETE.  0 WARNING(S),  0 ERROR(S)
