C51 COMPILER V9.60.7.0   MAIN                                                              03/07/2024 19:15:18 PAGE 1   


C51 COMPILER V9.60.7.0, COMPILATION OF MODULE MAIN
OBJECT MODULE PLACED IN .\Objects\main.obj
COMPILER INVOKED BY: D:\Programing\Keil5\C51\BIN\C51.EXE main.c OPTIMIZE(8,SPEED) BROWSE DEBUG OBJECTEXTEND PRINT(.\List
                    -ings\main.lst) TABS(2) OBJECT(.\Objects\main.obj)

line level    source

   1          #include <REGX52.H>
   2          #include "Timer0.h"
   3          #include "Key.h"
   4          #include <INTRINS.H>
   5          
   6          unsigned char KeyNum,LEDMode;
   7          
   8          //主函数
   9          void main(){
  10   1        P2=0xFE;//1111 1110
  11   1        Timer0_Init();
  12   1        while(1)
  13   1        {
  14   2          KeyNum = Key();
  15   2          if(KeyNum)
  16   2          {
  17   3              if(KeyNum == 1)
  18   3              {
  19   4                LEDMode++;
  20   4                if(LEDMode >= 2)
  21   4                  LEDMode = 0;
  22   4              }
  23   3          }
  24   2        }
  25   1      }
  26          
  27          //中断函数
  28          void Timer0_Routine() interrupt 1
  29          {   
  30   1          static unsigned int T0Count;
  31   1          TL0 = 0x66;
  32   1          TH0 = 0xFC;
  33   1          T0Count++;
  34   1          if(T0Count >= 500)
  35   1          {
  36   2            T0Count = 0;
  37   2            if(LEDMode == 0)
  38   2              P2 = _crol_(P2,1);
  39   2            else if(LEDMode == 1)
  40   2              P2 = _cror_(P2,1);
  41   2          } 
  42   1          
  43   1      }


MODULE INFORMATION:   STATIC OVERLAYABLE
   CODE SIZE        =    118    ----
   CONSTANT SIZE    =   ----    ----
   XDATA SIZE       =   ----    ----
   PDATA SIZE       =   ----    ----
   DATA SIZE        =      4    ----
   IDATA SIZE       =   ----    ----
   BIT SIZE         =   ----    ----
END OF MODULE INFORMATION.

C51 COMPILER V9.60.7.0   MAIN                                                              03/07/2024 19:15:18 PAGE 2   


C51 COMPILATION COMPLETE.  0 WARNING(S),  0 ERROR(S)
