C51 COMPILER V9.60.7.0   MAIN                                                              03/12/2024 09:52:46 PAGE 1   


C51 COMPILER V9.60.7.0, COMPILATION OF MODULE MAIN
OBJECT MODULE PLACED IN .\Objects\main.obj
COMPILER INVOKED BY: D:\Programing\Keil5\C51\BIN\C51.EXE main.c OPTIMIZE(8,SPEED) BROWSE DEBUG OBJECTEXTEND PRINT(.\List
                    -ings\main.lst) TABS(2) OBJECT(.\Objects\main.obj)

line level    source

   1          #include <REGX52.H>
   2          #include "Delay.h"
   3          #include "Timer0.h"
   4          
   5          #define Speed 62
   6          
   7          //Èü≥Á¨¶‰∏éÁ¥¢ÂºïÂØπÂ∫îË°®ÔºåPÔºö‰ºëÊ≠¢Á¨¶ÔºåLÔºö‰ΩéÈü≥ÔºåMÔºö‰∏≠Èü≥ÔºåHÔºöÈ´òÈü≥Ôºå‰∏ãÂàíÁ∫øÔºöÂçáÂçäÈü≥Á
             -¨¶Âè∑#
   8          #define P 0
   9          #define L1  1
  10          #define L1_ 2
  11          #define L2  3
  12          #define L2_ 4
  13          #define L3  5
  14          #define L4  6
  15          #define L4_ 7
  16          #define L5  8
  17          #define L5_ 9
  18          #define L6  10
  19          #define L6_ 11
  20          #define L7  12
  21          #define M1  13
  22          #define M1_ 14
  23          #define M2  15
  24          #define M2_ 16
  25          #define M3  17
  26          #define M4  18
  27          #define M4_ 19
  28          #define M5  20
  29          #define M5_ 21
  30          #define M6  22
  31          #define M6_ 23
  32          #define M7  24
  33          #define H1  25
  34          #define H1_ 26
  35          #define H2  27
  36          #define H2_ 28
  37          #define H3  29
  38          #define H4  30
  39          #define H4_ 31
  40          #define H5  32
  41          #define H5_ 33
  42          #define H6  34
  43          #define H6_ 35
  44          #define H7  36
  45          
  46          sbit Buzzer = P2^5;
  47          
  48          
  49          //Á¥¢Âºï‰∏éÈ¢ëÁéáÂØπÁÖßË°®
  50          unsigned int FreqTable[]={
  51            0,
  52            63628,63731,63835,63928,64021,64103,64185,64260,64331,64400,64463,64528,
  53            64580,64633,64684,64732,64777,64820,64860,64898,64934,64968,65000,65030,
C51 COMPILER V9.60.7.0   MAIN                                                              03/12/2024 09:52:46 PAGE 2   

  54            65058,65085,65110,65134,65157,65178,65198,65217,65235,65252,65268,65283,
  55          };
  56          
  57          unsigned char KeyNum,FreqSelect,MusicSelect;
  58          
  59          unsigned char Music[] = 
  60          {
  61            26,6,
  62            29,6,
  63            26,4,
  64            
  65            26,6,
  66            29,6,
  67            26,4,
  68            
  69            26,6,
  70            29,6,
  71            26,4,
  72            
  73            28,6,
  74            26,6,
  75            24,4,
  76            
  77            0xFF
  78          };
  79          
  80          void main()
  81          {
  82   1        Timer0_Init();
  83   1        while(1)
  84   1        {
  85   2          FreqSelect = Music[MusicSelect];
  86   2          MusicSelect++;
  87   2          Delay(Speed*Music[MusicSelect]);
  88   2          MusicSelect++;  
  89   2          if(Music[MusicSelect] == 0xFF)
  90   2            MusicSelect=0;
  91   2          TR0 = 0;//ÂºπÂÆå‰∏Ä‰∏™Èü≥Á¨¶ÂêéÊä¨ÊâãÂä®‰Ωú  ÂÅúÊ≠¢‰∏Ä‰∏ãÂÆöÊó∂Âô®
  92   2          Delay(5);
  93   2          TR0 = 1;
  94   2        }
  95   1      }
  96          
  97          void Timer0_Routine() interrupt 1
  98          { 
  99   1        if(FreqTable[FreqSelect] != 0)
 100   1        { //‰∏çÊòØ‰ºëÊ≠¢Á¨¶ÊâçËøõË°å
 101   2          TL0 = FreqTable[FreqSelect]%256;
 102   2          TH0 = FreqTable[FreqSelect]/256;
 103   2          Buzzer = !Buzzer;
 104   2        }
 105   1      }


MODULE INFORMATION:   STATIC OVERLAYABLE
   CODE SIZE        =    108    ----
   CONSTANT SIZE    =   ----    ----
   XDATA SIZE       =   ----    ----
   PDATA SIZE       =   ----    ----
   DATA SIZE        =    102    ----
   IDATA SIZE       =   ----    ----
   BIT SIZE         =   ----    ----
C51 COMPILER V9.60.7.0   MAIN                                                              03/12/2024 09:52:46 PAGE 3   

END OF MODULE INFORMATION.


C51 COMPILATION COMPLETE.  0 WARNING(S),  0 ERROR(S)
