C51 COMPILER V9.60.7.0   KEY                                                               03/18/2024 09:27:46 PAGE 1   


C51 COMPILER V9.60.7.0, COMPILATION OF MODULE KEY
OBJECT MODULE PLACED IN .\Objects\Key.obj
COMPILER INVOKED BY: D:\Programing\Keil5\C51\BIN\C51.EXE Key.c OPTIMIZE(8,SPEED) BROWSE DEBUG OBJECTEXTEND PRINT(.\Listi
                    -ngs\Key.lst) TABS(2) OBJECT(.\Objects\Key.obj)

line level    source

   1          #include <REGX52.H>
   2          #include "Delay.h"
   3          
   4          unsigned char KeyNumTmp;
   5          
   6          /**
   7            * @brief 获取独立按键键码
   8            * @param 无
   9            * @retval 所按按键的键码 范围0~4 无按键按下时返回值为0
  10            **/
  11          unsigned char Key(){
  12   1        unsigned char Tmp;
  13   1        Tmp = KeyNumTmp;
  14   1        KeyNumTmp = 0;
  15   1        return Tmp;
  16   1      }
  17          
  18          unsigned char GetKeyState(){
  19   1        
  20   1        unsigned char KeyNumber = 0;
  21   1        
  22   1        if(P3_1 == 0)
  23   1          KeyNumber=1;
  24   1        if(P3_0 == 0)
  25   1          KeyNumber=2;
  26   1        if(P3_2 == 0)
  27   1          KeyNumber=3;
  28   1        if(P3_3 == 0)
  29   1          KeyNumber=4;
  30   1        
  31   1        return KeyNumber;
  32   1      }
  33          
  34          void KeyLoop()
  35          {
  36   1        static unsigned char NowState,LastState;
  37   1        LastState = NowState;
  38   1        NowState = GetKeyState();
  39   1        if(LastState == 0 && NowState == 1)
  40   1        {//按下就立即执行
  41   2          KeyNumTmp = 1;
  42   2        }
  43   1        if(LastState == 2 && NowState == 0)
  44   1        {
  45   2          KeyNumTmp = 2;
  46   2        }
  47   1        if(LastState == 3 && NowState == 0)
  48   1        {
  49   2          KeyNumTmp = 3;
  50   2        }
  51   1        if(LastState == 4 && NowState == 0)
  52   1        {
  53   2          KeyNumTmp = 4;
  54   2        }
C51 COMPILER V9.60.7.0   KEY                                                               03/18/2024 09:27:46 PAGE 2   

  55   1      }
  56          


MODULE INFORMATION:   STATIC OVERLAYABLE
   CODE SIZE        =     85    ----
   CONSTANT SIZE    =   ----    ----
   XDATA SIZE       =   ----    ----
   PDATA SIZE       =   ----    ----
   DATA SIZE        =      3    ----
   IDATA SIZE       =   ----    ----
   BIT SIZE         =   ----    ----
END OF MODULE INFORMATION.


C51 COMPILATION COMPLETE.  0 WARNING(S),  0 ERROR(S)
