C51 COMPILER V9.60.7.0   MAIN                                                              03/18/2024 10:14:50 PAGE 1   


C51 COMPILER V9.60.7.0, COMPILATION OF MODULE MAIN
OBJECT MODULE PLACED IN .\Objects\main.obj
COMPILER INVOKED BY: D:\Programing\Keil5\C51\BIN\C51.EXE main.c OPTIMIZE(8,SPEED) BROWSE DEBUG OBJECTEXTEND PRINT(.\List
                    -ings\main.lst) TABS(2) OBJECT(.\Objects\main.obj)

line level    source

   1          #include <REGX52.H>
   2          #include "Delay.h"
   3          #include "DigitalTube.h"
   4          #include "Motor.h"
   5          #include "IR.h"
   6          
   7          unsigned char Speed = 0;
   8          
   9          void main()
  10          {
  11   1        Motor_Init();
  12   1        IR_Init();
  13   1        while(1)
  14   1        {
  15   2          
  16   2          if(IR_GetDataFlag())
  17   2          {
  18   3            if(IR_GetCommand() == IR_VOL_MINUS)
  19   3              Speed--;
  20   3            if(IR_GetCommand() == IR_VOL_ADD)
  21   3              Speed++;
  22   3            Speed %= 5;
  23   3          }
  24   2          Motor_SetSpeed(Speed);
  25   2          DigitalTube_SetBuf(1,Speed);
  26   2        }
  27   1        
  28   1      }


MODULE INFORMATION:   STATIC OVERLAYABLE
   CODE SIZE        =     54    ----
   CONSTANT SIZE    =   ----    ----
   XDATA SIZE       =   ----    ----
   PDATA SIZE       =   ----    ----
   DATA SIZE        =      1    ----
   IDATA SIZE       =   ----    ----
   BIT SIZE         =   ----    ----
END OF MODULE INFORMATION.


C51 COMPILATION COMPLETE.  0 WARNING(S),  0 ERROR(S)
