C51 COMPILER V9.60.7.0   TIMER1                                                            03/18/2024 09:27:46 PAGE 1   


C51 COMPILER V9.60.7.0, COMPILATION OF MODULE TIMER1
OBJECT MODULE PLACED IN .\Objects\Timer1.obj
COMPILER INVOKED BY: D:\Programing\Keil5\C51\BIN\C51.EXE Timer1.c OPTIMIZE(8,SPEED) BROWSE DEBUG OBJECTEXTEND PRINT(.\Li
                    -stings\Timer1.lst) TABS(2) OBJECT(.\Objects\Timer1.obj)

line level    source

   1          #include <REGX52.H>
   2          
   3          void Timer1_Init(){
   4   1        TMOD = TMOD&0x0F;
   5   1        TMOD = TMOD|0x10;
   6   1        TF1 = 0;
   7   1        TR1 = 1;
   8   1        TL1 = 0x66;
   9   1        TH1 = 0xFC;
  10   1        ET1 = 1;
  11   1        EA = 1;
  12   1        PT1 = 0;
  13   1      }
  14          /*
  15          //中断函数
  16          void Timer1_Routine() interrupt 3
  17          {   
  18              static unsigned int T1Count;
  19              TL1 = 0x66;
  20              TH1 = 0xFC;
  21              T1Count++;
  22              if(T1Count >= 1000)
  23              {
  24                T1Count = 0;
  25                P2_0 = ~P2_0;
  26              } 
  27          }
  28          */


MODULE INFORMATION:   STATIC OVERLAYABLE
   CODE SIZE        =     23    ----
   CONSTANT SIZE    =   ----    ----
   XDATA SIZE       =   ----    ----
   PDATA SIZE       =   ----    ----
   DATA SIZE        =   ----    ----
   IDATA SIZE       =   ----    ----
   BIT SIZE         =   ----    ----
END OF MODULE INFORMATION.


C51 COMPILATION COMPLETE.  0 WARNING(S),  0 ERROR(S)
