C51 COMPILER V9.60.7.0   TIMER0                                                            03/18/2024 10:04:49 PAGE 1   


C51 COMPILER V9.60.7.0, COMPILATION OF MODULE TIMER0
OBJECT MODULE PLACED IN .\Objects\Timer0.obj
COMPILER INVOKED BY: D:\Programing\Keil5\C51\BIN\C51.EXE Timer0.c OPTIMIZE(8,SPEED) BROWSE DEBUG OBJECTEXTEND PRINT(.\Li
                    -stings\Timer0.lst) TABS(2) OBJECT(.\Objects\Timer0.obj)

line level    source

   1          #include <REGX52.H>
   2          #include "Int0.h"
   3          
   4          void Timer0_Init(){
   5   1        TMOD = TMOD&0xF0;
   6   1        TMOD = TMOD|0x01;
   7   1        TF0 = 0;
   8   1        TR0 = 0;
   9   1      }
  10          
  11          void Timer0_SetCounter(unsigned int Value){
  12   1        TH0 = Value / 256;
  13   1        TL0 = Value % 256;
  14   1      }
  15          
  16          unsigned int Timer0_GetCounter()
  17          {
  18   1        return (TH0<<8)|TL0;
  19   1      }
  20          
  21          void Timer0_Run(unsigned char Flag)
  22          {
  23   1        TR0 = Flag;
  24   1      }
  25          
  26          /*
  27          //中断函数
  28          void Timer0_Routine() interrupt 1
  29          {   
  30              static unsigned int T0Count;
  31              TL0 = 0x66;
  32              TH0 = 0xFC;
  33              T0Count++;
  34              if(T0Count >= 1000)
  35              {
  36                T0Count = 0;
  37                P2_0 = ~P2_0;
  38              } 
  39          }
  40          */


MODULE INFORMATION:   STATIC OVERLAYABLE
   CODE SIZE        =     37    ----
   CONSTANT SIZE    =   ----    ----
   XDATA SIZE       =   ----    ----
   PDATA SIZE       =   ----    ----
   DATA SIZE        =   ----    ----
   IDATA SIZE       =   ----    ----
   BIT SIZE         =   ----    ----
END OF MODULE INFORMATION.


C51 COMPILATION COMPLETE.  0 WARNING(S),  0 ERROR(S)
