C51 COMPILER V9.60.7.0   I2C                                                               03/13/2024 22:09:34 PAGE 1   


C51 COMPILER V9.60.7.0, COMPILATION OF MODULE I2C
OBJECT MODULE PLACED IN .\Objects\I2C.obj
COMPILER INVOKED BY: D:\Programing\Keil5\C51\BIN\C51.EXE I2C.c OPTIMIZE(8,SPEED) BROWSE DEBUG OBJECTEXTEND PRINT(.\Listi
                    -ngs\I2C.lst) TABS(2) OBJECT(.\Objects\I2C.obj)

line level    source

   1          #include <REGX52.H>
   2          
   3          sbit I2C_SCL = P2^1;
   4          sbit I2C_SDA = P2^0;
   5          
   6          //如果单片机运行速度过快
   7          //要在相应的操作后加入时间间隔
   8          
   9          /**
  10            * @brief I2C开始
  11            * @param 无
  12            * @retval 无
  13            **/
  14          void I2C_Start()
  15          {//先确保起始条件
  16   1        I2C_SDA = 1;
  17   1        I2C_SCL = 1;
  18   1        //拉低SDA  再拉低SCL
  19   1        I2C_SDA = 0;
  20   1        I2C_SCL = 0;
  21   1      }
  22          /**
  23            * @brief I2C结束
  24            * @param 无
  25            * @retval 无
  26            **/
  27          void I2C_Stop()
  28          {
  29   1        I2C_SDA = 0;
  30   1        I2C_SCL = 1;
  31   1        I2C_SDA = 1;
  32   1      }
  33          /**
  34            * @brief I2C发送一个字节
  35            * @param Byte 要发送的字节
  36            * @retval 无
  37            **/
  38          void I2C_SendByte(unsigned char Byte)
  39          {
  40   1        unsigned char i;
  41   1        for(i = 0; i < 8; i++)
  42   1        {
  43   2          I2C_SDA = Byte & (0x80>>i);
  44   2          I2C_SCL = 1;
  45   2          I2C_SCL = 0;
  46   2        }
  47   1      }
  48          /**
  49            * @brief I2C接受一个字节
  50            * @param 无
  51            * @retval Byte 所接受的字节
  52            **/
  53          unsigned char I2C_ReceiveByte()
  54          {
C51 COMPILER V9.60.7.0   I2C                                                               03/13/2024 22:09:34 PAGE 2   

  55   1        unsigned char i,Byte=0x00;
  56   1        I2C_SDA = 1;
  57   1        for(i = 0; i < 8; i++)
  58   1        {
  59   2          I2C_SCL = 1;
  60   2          if(I2C_SDA == 1)
  61   2            Byte |= (0x80>>i);
  62   2          I2C_SCL = 0;
  63   2        }
  64   1        return Byte;
  65   1      }
  66          /**
  67            * @brief I2C发送应答
  68            * @param AckBit 应答位 0为应答 1为非应答
  69            * @retval 无
  70            **/
  71          void I2C_SendAck(unsigned char AckBit)
  72          {
  73   1        I2C_SDA = AckBit;//应答位
  74   1        I2C_SCL = 1;
  75   1        I2C_SCL = 0;
  76   1      }
  77          /**
  78            * @brief I2C接收应答
  79            * @param 无
  80            * @retval AckBit 接受应答位 0为应答 1为非应答
  81            **/
  82          unsigned char I2C_ReceiveAck()
  83          {
  84   1        unsigned char AckBit;
  85   1        I2C_SDA = 1;
  86   1        I2C_SCL = 1;
  87   1        AckBit = I2C_SDA;
  88   1        I2C_SCL = 0;
  89   1        return AckBit;
  90   1      }


MODULE INFORMATION:   STATIC OVERLAYABLE
   CODE SIZE        =    109    ----
   CONSTANT SIZE    =   ----    ----
   XDATA SIZE       =   ----    ----
   PDATA SIZE       =   ----    ----
   DATA SIZE        =   ----    ----
   IDATA SIZE       =   ----    ----
   BIT SIZE         =   ----    ----
END OF MODULE INFORMATION.


C51 COMPILATION COMPLETE.  0 WARNING(S),  0 ERROR(S)
