C51 COMPILER V9.60.7.0   ONEWIRE                                                           03/14/2024 10:58:39 PAGE 1   


C51 COMPILER V9.60.7.0, COMPILATION OF MODULE ONEWIRE
OBJECT MODULE PLACED IN .\Objects\OneWire.obj
COMPILER INVOKED BY: D:\Programing\Keil5\C51\BIN\C51.EXE OneWire.c OPTIMIZE(8,SPEED) BROWSE DEBUG OBJECTEXTEND PRINT(.\L
                    -istings\OneWire.lst) TABS(2) OBJECT(.\Objects\OneWire.obj)

line level    source

   1          #include <REGX52.H>
   2          
   3          sbit OneWire_DQ = P3^7; 
   4          
   5          unsigned char OneWire_Init()
   6          {
   7   1        unsigned char i,AckBit;
   8   1        EA = 0;//屏蔽中断 防止在延时的过程中被中断打断
   9   1        OneWire_DQ = 1;
  10   1        OneWire_DQ = 0;
  11   1      
  12   1        i = 227; while(--i);//延时500微秒
  13   1        OneWire_DQ = 1;
  14   1      
  15   1        i = 29;while (--i);//延时70微秒
  16   1        AckBit = OneWire_DQ;
  17   1        i = 227; while(--i);//延时500微秒
  18   1        EA = 1;//开启中断
  19   1        return AckBit;
  20   1      }
  21          
  22          void OneWire_SendBit(unsigned char Bit)
  23          {
  24   1        unsigned char data i;
  25   1        EA = 0;//屏蔽中断
  26   1        
  27   1        OneWire_DQ = 0;//在发送1bit之前肯定是初始化
  28   1        //所以没先把OneWire_DQ置1
  29   1        //这里用了一点技巧，10us之后将Bit送到总线上
  30   1        //如果Bit是0则一直是0 如果是1则一直是1，满足0和1的检测条件
  31   1        //省去了if判断
  32   1        i = 2;while (--i);//延时10微秒
  33   1        OneWire_DQ = Bit;
  34   1        i = 20;while (--i);//延时50微秒
  35   1        OneWire_DQ = 1;
  36   1        EA = 1;//开启中断
  37   1      }
  38          
  39          unsigned char OneWire_ReceiveBit()
  40          {
  41   1        unsigned char i,Bit;
  42   1        EA = 0;//屏蔽中断
  43   1        
  44   1        OneWire_DQ = 0;
  45   1        i = 1;while (--i);//延时5微秒
  46   1        OneWire_DQ = 1;
  47   1        i = 1;while (--i);//延时5微秒
  48   1        Bit = OneWire_DQ;
  49   1        i = 20;while (--i);//延时50微秒
  50   1        EA = 1;//开启中断
  51   1        return Bit;
  52   1      } 
  53          
  54          void OneWire_SendByte(unsigned char Byte)
C51 COMPILER V9.60.7.0   ONEWIRE                                                           03/14/2024 10:58:39 PAGE 2   

  55          {
  56   1        unsigned char i;
  57   1        for(i = 0; i < 8; i++)
  58   1          OneWire_SendBit(Byte&(0x01<<i));
  59   1      }
  60          
  61          unsigned char OneWire_ReceiveByte()
  62          {
  63   1        unsigned char i,Byte = 0x00;
  64   1        for(i = 0; i < 8; i++)
  65   1          if(OneWire_ReceiveBit()) 
  66   1            Byte |= (0x01<<i);
  67   1        return Byte;
  68   1      }


MODULE INFORMATION:   STATIC OVERLAYABLE
   CODE SIZE        =    134    ----
   CONSTANT SIZE    =   ----    ----
   XDATA SIZE       =   ----    ----
   PDATA SIZE       =   ----    ----
   DATA SIZE        =   ----    ----
   IDATA SIZE       =   ----    ----
   BIT SIZE         =   ----    ----
END OF MODULE INFORMATION.


C51 COMPILATION COMPLETE.  0 WARNING(S),  0 ERROR(S)
